2020-08-2515:13:09.222[restartedMain]INFO com.ldh.app-Starting app on DESKTOP-B4REUBC with PID 17216 (E:\javaProject\vsCode\SpringBoot\springboot-redis\target\classes started by LDH-PC in e:\javaProject\vsCode\SpringBoot)
2020-08-2515:13:09.223[restartedMain]INFO com.ldh.app-No active profile set, falling back to default profiles: default
2020-08-2515:13:09.264[restartedMain]INFO o.s.b.d.env.DevToolsPropertyDefaultsPostProcessor-Devtools property defaults active! Set 'spring.devtools.add-properties' to 'false' to disable
2020-08-2515:13:09.264[restartedMain]INFO o.s.b.d.env.DevToolsPropertyDefaultsPostProcessor-For additional web related logging consider setting the 'logging.level.web' property to 'DEBUG'
2020-08-2515:13:10.087[restartedMain]INFO o.s.d.r.config.RepositoryConfigurationDelegate-Multiple Spring Data modules found, entering strict repository configuration mode!
2020-08-2515:13:10.089[restartedMain]INFO o.s.d.r.config.RepositoryConfigurationDelegate-Bootstrapping Spring Data JPA repositories in DEFAULT mode.
2020-08-2515:13:10.212[restartedMain]INFO o.s.d.r.config.RepositoryConfigurationDelegate-Finished Spring Data repository scanning in 117ms. Found 1 JPA repository interfaces.
2020-08-2515:13:10.226[restartedMain]INFO o.s.d.r.config.RepositoryConfigurationDelegate-Multiple Spring Data modules found, entering strict repository configuration mode!
2020-08-2515:13:10.227[restartedMain]INFO o.s.d.r.config.RepositoryConfigurationDelegate-Bootstrapping Spring Data Redis repositories in DEFAULT mode.
2020-08-2515:13:10.249[restartedMain]INFO o.s.d.r.c.RepositoryConfigurationExtensionSupport-Spring Data Redis - Could not safely identify store assignment for repository candidate interface com.ldh.dao.StdEmpRepository. If you want this repository to be a Redis repository, consider annotating your entities with one of these annotations: org.springframework.data.redis.core.RedisHash (preferred), or consider extending one of the following types with your repository: org.springframework.data.keyvalue.repository.KeyValueRepository.
2020-08-2515:13:10.250[restartedMain]INFO o.s.d.r.config.RepositoryConfigurationDelegate-Finished Spring Data repository scanning in 15ms. Found 0 Redis repository interfaces.
2020-08-2515:13:11.091[restartedMain]INFO o.s.boot.web.embedded.tomcat.TomcatWebServer-Tomcat initialized with port(s): 80 (http)
2020-08-2515:13:11.110[restartedMain]INFO org.apache.coyote.http11.Http11NioProtocol-Initializing ProtocolHandler ["http-nio-80"]
2020-08-2515:13:11.122[restartedMain]INFO org.apache.catalina.core.StandardService-Starting service [Tomcat]
2020-08-2515:13:11.123[restartedMain]INFO org.apache.catalina.core.StandardEngine-Starting Servlet engine: [Apache Tomcat/9.0.37]
2020-08-2515:13:11.237[restartedMain]INFO o.a.c.core.ContainerBase.[Tomcat].[localhost].[/]-Initializing Spring embedded WebApplicationContext
2020-08-2515:13:11.238[restartedMain]INFO org.springframework.web.context.ContextLoader-Root WebApplicationContext: initialization completed in 1974 ms
2020-08-2515:13:11.385[restartedMain]INFO com.zaxxer.hikari.HikariDataSource-HikariPool-1 - Starting...
2020-08-2515:13:11.531[restartedMain]INFO com.zaxxer.hikari.HikariDataSource-HikariPool-1 - Start completed.
2020-08-2515:13:11.585[restartedMain]INFO org.hibernate.jpa.internal.util.LogHelper-HHH000204: Processing PersistenceUnitInfo [
	name: default
	...]
2020-08-2515:13:11.652[restartedMain]INFO org.hibernate.Version-HHH000412: Hibernate Core {5.3.17.Final}
2020-08-2515:13:11.653[restartedMain]INFO org.hibernate.cfg.Environment-HHH000206: hibernate.properties not found
2020-08-2515:13:11.796[restartedMain]INFO org.hibernate.annotations.common.Version-HCANN000001: Hibernate Commons Annotations {5.0.4.Final}
2020-08-2515:13:11.915[restartedMain]INFO org.hibernate.dialect.Dialect-HHH000400: Using dialect: org.hibernate.dialect.MySQL5Dialect
2020-08-2515:13:12.462[restartedMain]INFO o.s.orm.jpa.LocalContainerEntityManagerFactoryBean-Initialized JPA EntityManagerFactory for persistence unit 'default'
2020-08-2515:13:12.684[restartedMain]INFO o.s.scheduling.concurrent.ThreadPoolTaskExecutor-Initializing ExecutorService
2020-08-2515:13:13.304[restartedMain]INFO o.s.scheduling.concurrent.ThreadPoolTaskExecutor-Initializing ExecutorService 'applicationTaskExecutor'
2020-08-2515:13:13.347[restartedMain]WARN o.s.b.a.o.j.JpaBaseConfiguration$JpaWebConfiguration$JpaWebMvcConfiguration-spring.jpa.open-in-view is enabled by default. Therefore, database queries may be performed during view rendering. Explicitly configure spring.jpa.open-in-view to disable this warning
2020-08-2515:13:13.608[restartedMain]INFO o.s.b.d.autoconfigure.OptionalLiveReloadServer-LiveReload server is running on port 35729
2020-08-2515:13:13.631[restartedMain]INFO org.apache.coyote.http11.Http11NioProtocol-Starting ProtocolHandler ["http-nio-80"]
2020-08-2515:13:13.651[restartedMain]INFO o.s.boot.web.embedded.tomcat.TomcatWebServer-Tomcat started on port(s): 80 (http) with context path ''
2020-08-2515:13:13.653[restartedMain]INFO com.ldh.app-Started app in 4.772 seconds (JVM running for 5.237)
2020-08-2515:13:17.040[http-nio-80-exec-1]INFO o.a.c.core.ContainerBase.[Tomcat].[localhost].[/]-Initializing Spring DispatcherServlet 'dispatcherServlet'
2020-08-2515:13:17.040[http-nio-80-exec-1]INFO org.springframework.web.servlet.DispatcherServlet-Initializing Servlet 'dispatcherServlet'
2020-08-2515:13:17.050[http-nio-80-exec-1]INFO org.springframework.web.servlet.DispatcherServlet-Completed initialization in 9 ms
