2020-08-1915:16:09.170[restartedMain]INFO com.ldh.app-Starting app on DESKTOP-B4REUBC with PID 7320 (E:\javaProject\vsCode\SpringBoot\springboot-redis\target\classes started by LDH-PC in e:\javaProject\vsCode\SpringBoot)
2020-08-1915:16:09.172[restartedMain]INFO com.ldh.app-No active profile set, falling back to default profiles: default
2020-08-1915:16:09.226[restartedMain]INFO o.s.b.d.env.DevToolsPropertyDefaultsPostProcessor-Devtools property defaults active! Set 'spring.devtools.add-properties' to 'false' to disable
2020-08-1915:16:09.226[restartedMain]INFO o.s.b.d.env.DevToolsPropertyDefaultsPostProcessor-For additional web related logging consider setting the 'logging.level.web' property to 'DEBUG'
2020-08-1915:16:10.175[restartedMain]INFO o.s.d.r.config.RepositoryConfigurationDelegate-Multiple Spring Data modules found, entering strict repository configuration mode!
2020-08-1915:16:10.178[restartedMain]INFO o.s.d.r.config.RepositoryConfigurationDelegate-Bootstrapping Spring Data JPA repositories in DEFAULT mode.
2020-08-1915:16:10.399[restartedMain]INFO o.s.d.r.config.RepositoryConfigurationDelegate-Finished Spring Data repository scanning in 208ms. Found 1 JPA repository interfaces.
2020-08-1915:16:10.418[restartedMain]INFO o.s.d.r.config.RepositoryConfigurationDelegate-Multiple Spring Data modules found, entering strict repository configuration mode!
2020-08-1915:16:10.420[restartedMain]INFO o.s.d.r.config.RepositoryConfigurationDelegate-Bootstrapping Spring Data Redis repositories in DEFAULT mode.
2020-08-1915:16:10.452[restartedMain]INFO o.s.d.r.c.RepositoryConfigurationExtensionSupport-Spring Data Redis - Could not safely identify store assignment for repository candidate interface com.ldh.dao.StdEmpRepository. If you want this repository to be a Redis repository, consider annotating your entities with one of these annotations: org.springframework.data.redis.core.RedisHash (preferred), or consider extending one of the following types with your repository: org.springframework.data.keyvalue.repository.KeyValueRepository.
2020-08-1915:16:10.452[restartedMain]INFO o.s.d.r.config.RepositoryConfigurationDelegate-Finished Spring Data repository scanning in 15ms. Found 0 Redis repository interfaces.
2020-08-1915:16:11.321[restartedMain]INFO o.s.boot.web.embedded.tomcat.TomcatWebServer-Tomcat initialized with port(s): 80 (http)
2020-08-1915:16:11.337[restartedMain]INFO org.apache.coyote.http11.Http11NioProtocol-Initializing ProtocolHandler ["http-nio-80"]
2020-08-1915:16:11.352[restartedMain]INFO org.apache.catalina.core.StandardService-Starting service [Tomcat]
2020-08-1915:16:11.353[restartedMain]INFO org.apache.catalina.core.StandardEngine-Starting Servlet engine: [Apache Tomcat/9.0.37]
2020-08-1915:16:11.478[restartedMain]INFO o.a.c.core.ContainerBase.[Tomcat].[localhost].[/]-Initializing Spring embedded WebApplicationContext
2020-08-1915:16:11.479[restartedMain]INFO org.springframework.web.context.ContextLoader-Root WebApplicationContext: initialization completed in 2252 ms
2020-08-1915:16:11.637[restartedMain]INFO com.zaxxer.hikari.HikariDataSource-HikariPool-1 - Starting...
2020-08-1915:16:11.795[restartedMain]INFO com.zaxxer.hikari.HikariDataSource-HikariPool-1 - Start completed.
2020-08-1915:16:11.859[restartedMain]INFO org.hibernate.jpa.internal.util.LogHelper-HHH000204: Processing PersistenceUnitInfo [
	name: default
	...]
2020-08-1915:16:11.936[restartedMain]INFO org.hibernate.Version-HHH000412: Hibernate Core {5.3.17.Final}
2020-08-1915:16:11.937[restartedMain]INFO org.hibernate.cfg.Environment-HHH000206: hibernate.properties not found
2020-08-1915:16:12.052[restartedMain]INFO org.hibernate.annotations.common.Version-HCANN000001: Hibernate Commons Annotations {5.0.4.Final}
2020-08-1915:16:12.175[restartedMain]INFO org.hibernate.dialect.Dialect-HHH000400: Using dialect: org.hibernate.dialect.MySQL5Dialect
2020-08-1915:16:12.694[restartedMain]INFO o.s.orm.jpa.LocalContainerEntityManagerFactoryBean-Initialized JPA EntityManagerFactory for persistence unit 'default'
2020-08-1915:16:12.917[restartedMain]INFO o.s.scheduling.concurrent.ThreadPoolTaskExecutor-Initializing ExecutorService
2020-08-1915:16:13.567[restartedMain]INFO o.s.scheduling.concurrent.ThreadPoolTaskExecutor-Initializing ExecutorService 'applicationTaskExecutor'
2020-08-1915:16:13.612[restartedMain]WARN o.s.b.a.o.j.JpaBaseConfiguration$JpaWebConfiguration$JpaWebMvcConfiguration-spring.jpa.open-in-view is enabled by default. Therefore, database queries may be performed during view rendering. Explicitly configure spring.jpa.open-in-view to disable this warning
2020-08-1915:16:13.710[restartedMain]WARN o.s.b.a.t.ThymeleafAutoConfiguration$DefaultTemplateResolverConfiguration-Cannot find template location: classpath:/templates/ (please add some templates or check your Thymeleaf configuration)
2020-08-1915:16:13.982[restartedMain]INFO o.s.b.d.autoconfigure.OptionalLiveReloadServer-LiveReload server is running on port 35729
2020-08-1915:16:14.007[restartedMain]INFO org.apache.coyote.http11.Http11NioProtocol-Starting ProtocolHandler ["http-nio-80"]
2020-08-1915:16:14.027[restartedMain]INFO o.s.boot.web.embedded.tomcat.TomcatWebServer-Tomcat started on port(s): 80 (http) with context path ''
2020-08-1915:16:14.029[restartedMain]INFO com.ldh.app-Started app in 5.188 seconds (JVM running for 5.661)
2020-08-1915:16:27.546[http-nio-80-exec-2]INFO o.a.c.core.ContainerBase.[Tomcat].[localhost].[/]-Initializing Spring DispatcherServlet 'dispatcherServlet'
2020-08-1915:16:27.546[http-nio-80-exec-2]INFO org.springframework.web.servlet.DispatcherServlet-Initializing Servlet 'dispatcherServlet'
2020-08-1915:16:27.557[http-nio-80-exec-2]INFO org.springframework.web.servlet.DispatcherServlet-Completed initialization in 11 ms
2020-08-1915:16:27.620[http-nio-80-exec-2]INFO o.h.hql.internal.QueryTranslatorFactoryInitiator-HHH000397: Using ASTQueryTranslatorFactory
2020-08-1915:16:27.714[http-nio-80-exec-2]DEBUGorg.hibernate.SQL-select stdemp0_.id as id1_1_, stdemp0_.address as address2_1_, stdemp0_.age as age3_1_, stdemp0_.name as name4_1_, stdemp0_.phone as phone5_1_, stdemp0_.sexname as sexname6_1_ from std_emp stdemp0_
2020-08-1915:43:47.627[Thread-7]INFO o.s.scheduling.concurrent.ThreadPoolTaskExecutor-Shutting down ExecutorService 'applicationTaskExecutor'
2020-08-1915:43:47.641[Thread-7]INFO o.s.scheduling.concurrent.ThreadPoolTaskExecutor-Shutting down ExecutorService
2020-08-1915:43:47.645[Thread-7]INFO o.s.orm.jpa.LocalContainerEntityManagerFactoryBean-Closing JPA EntityManagerFactory for persistence unit 'default'
2020-08-1915:43:47.654[Thread-7]INFO com.zaxxer.hikari.HikariDataSource-HikariPool-1 - Shutdown initiated...
2020-08-1915:43:47.671[Thread-7]INFO com.zaxxer.hikari.HikariDataSource-HikariPool-1 - Shutdown completed.
